<?xml version="1.0" encoding="UTF-8"?>
<!-- Generated by org.testng.reporters.JUnitReportReporter -->
<testsuite hostname="DESKTOP-26CNO9I" failures="0" tests="1" name="options.TestRunner" time="77.603" errors="0" timestamp="2021-05-26T11:35:39 IST" skipped="0">
  <testcase classname="options.TestRunner" name="feature" time="77.603"/>
  <system-out/>
</testsuite> <!-- options.TestRunner -->
